INFO:ouimeaux.environment:Discovering devices
INFO:ouimeaux.environment:Unrecognized device type. USN=uuid:05b031e3-2c88-d15f-b38d-e239f8e4ff9f::upnp:rootdevice
INFO:ouimeaux.environment:Unrecognized device type. USN=uuid:c9812a53-399a-0df8-5968-e468806712dd::upnp:rootdevice
INFO:urllib3.connectionpool:Starting new HTTP connection (1): 192.168.1.201
INFO:urllib3.connectionpool:Starting new HTTP connection (1): 192.168.1.201
INFO:urllib3.connectionpool:Starting new HTTP connection (1): 192.168.1.201
INFO:urllib3.connectionpool:Starting new HTTP connection (1): 192.168.1.201
INFO:urllib3.connectionpool:Starting new HTTP connection (1): 192.168.1.201
INFO:urllib3.connectionpool:Starting new HTTP connection (1): 192.168.1.201
INFO:urllib3.connectionpool:Starting new HTTP connection (1): 192.168.1.201
INFO:urllib3.connectionpool:Starting new HTTP connection (1): 192.168.1.201
INFO:urllib3.connectionpool:Starting new HTTP connection (1): 192.168.1.201
INFO:urllib3.connectionpool:Starting new HTTP connection (1): 192.168.1.201
INFO:urllib3.connectionpool:Starting new HTTP connection (1): 192.168.1.201
INFO:ouimeaux.environment:Found device <WeMo Switch "Bedroom Lamp"> at ('192.168.1.201', 3113)
INFO:ouimeaux.subscribe:Subscribing to basic events from <WeMo Switch "Bedroom Lamp">
INFO:urllib3.connectionpool:Starting new HTTP connection (1): 192.168.1.201
INFO:urllib3.connectionpool:Starting new HTTP connection (1): 192.168.1.201
INFO:root:Locomotor was found::
INFO:root:gesture = 1, length = 2
INFO:root:gesture = 4, length = 28
INFO:root:gesture = 10, length = 22
INFO:root:gesture = 8, length = 24
INFO:root:Mimblewimble was found::
INFO:root:gesture = 2, length = 3
INFO:root:gesture = 1, length = 4
INFO:root:gesture = 4, length = 14
INFO:root:gesture = 6, length = 3
INFO:root:gesture = 0, length = 122
INFO:root:Revelio was found::
INFO:root:gesture = 11, length = 86
INFO:root:gesture = 2, length = 24
INFO:root:Locomotor was found::
INFO:root:gesture = 3, length = 4
INFO:root:gesture = 6, length = 5
INFO:root:gesture = 10, length = 5
INFO:root:gesture = 8, length = 4
INFO:root:gesture = 4, length = 2
INFO:root:gesture = 3, length = 9
INFO:root:gesture = 8, length = 10
INFO:root:gesture = 10, length = 8
INFO:root:gesture = 4, length = 13
INFO:root:gesture = 10, length = 20
INFO:root:gesture = 8, length = 16
INFO:root:Locomotor was found::
INFO:root:gesture = 1, length = 7
INFO:root:gesture = 5, length = 11
INFO:root:gesture = 1, length = 16
INFO:root:gesture = 10, length = 17
INFO:root:gesture = 8, length = 16
INFO:root:gesture = 3, length = 12
INFO:root:gesture = 10, length = 8
INFO:root:gesture = 4, length = 24
INFO:root:gesture = 10, length = 14
INFO:root:gesture = 8, length = 22
INFO:root:Metelojinx was found::
INFO:root:gesture = 10, length = 19
INFO:root:gesture = 1, length = 18
INFO:root:gesture = 8, length = 3
INFO:root:gesture = 3, length = 32
INFO:root:gesture = 15, length = 22
INFO:root:Herbivicus was found::
INFO:root:gesture = 4, length = 32
INFO:root:gesture = 5, length = 26
INFO:root:gesture = 15, length = 23
INFO:root:Tarantallegra was found::
INFO:root:gesture = 2, length = 3
INFO:root:gesture = 3, length = 44
INFO:root:gesture = 6, length = 31
INFO:root:gesture = 6, length = 22
INFO:root:Alohomora was found::
INFO:root:gesture = 4, length = 10
INFO:root:gesture = 14, length = 22
INFO:root:gesture = 7, length = 74
INFO:root:gesture = 5, length = 22
INFO:root:Locomotor was found::
INFO:root:gesture = 4, length = 27
INFO:root:gesture = 10, length = 19
INFO:root:gesture = 8, length = 25
INFO:root:Locomotor was found::
INFO:root:gesture = 8, length = 1
INFO:root:gesture = 10, length = 21
INFO:root:gesture = 4, length = 25
INFO:root:gesture = 10, length = 18
INFO:root:gesture = 8, length = 24
INFO:root:Alohomora was found::
INFO:root:gesture = 7, length = 69
INFO:root:gesture = 5, length = 22
INFO:root:Descendo was found::
INFO:root:gesture = 5, length = 5
INFO:root:gesture = 1, length = 18
INFO:root:gesture = 3, length = 7
INFO:root:gesture = 16, length = 80
INFO:root:Reparo was found::
INFO:root:gesture = 13, length = 54
INFO:root:Herbivicus was found::
INFO:root:gesture = 4, length = 27
INFO:root:gesture = 5, length = 20
INFO:root:gesture = 15, length = 23
INFO:root:Silencio was found::
INFO:root:gesture = 10, length = 3
INFO:root:gesture = 14, length = 27
INFO:root:gesture = 5, length = 23
INFO:root:Wingardium Leviosa was found::
INFO:root:gesture = 4, length = 35
INFO:root:gesture = 5, length = 4
INFO:root:gesture = 6, length = 20
INFO:root:gesture = 5, length = 21
INFO:root:Incendio was found::
INFO:root:gesture = 4, length = 22
INFO:root:gesture = 14, length = 7
INFO:root:gesture = 1, length = 34
INFO:root:gesture = 2, length = 29
INFO:root:gesture = 3, length = 24
INFO:root:Arresto Momentum was found::
INFO:root:gesture = 1, length = 25
INFO:root:gesture = 2, length = 24
INFO:root:gesture = 1, length = 22
INFO:root:gesture = 2, length = 26
INFO:root:Descendo was found::
INFO:root:gesture = 16, length = 4
INFO:root:Herbivicus was found::
INFO:root:gesture = 5, length = 6
INFO:root:gesture = 8, length = 8
INFO:root:gesture = 14, length = 6
INFO:root:gesture = 4, length = 8
INFO:root:gesture = 5, length = 10
INFO:root:gesture = 15, length = 3
INFO:root:Locomotor was found::
INFO:root:gesture = 4, length = 4
INFO:root:gesture = 3, length = 4
INFO:root:gesture = 2, length = 30
INFO:root:gesture = 3, length = 51
INFO:root:gesture = 1, length = 74
INFO:root:gesture = 5, length = 81
INFO:root:gesture = 4, length = 64
INFO:root:gesture = 10, length = 44
INFO:root:gesture = 8, length = 43
INFO:root:Locomotor was found::
INFO:root:gesture = 10, length = 72
INFO:root:gesture = 4, length = 17
INFO:root:gesture = 10, length = 13
INFO:root:gesture = 8, length = 25
INFO:root:Locomotor was found::
INFO:root:gesture = 4, length = 16
INFO:root:gesture = 10, length = 15
INFO:root:gesture = 8, length = 23
INFO:root:Locomotor was found::
INFO:root:gesture = 8, length = 1
INFO:root:gesture = 10, length = 22
INFO:root:gesture = 4, length = 25
INFO:root:gesture = 10, length = 16
INFO:root:gesture = 8, length = 23
INFO:root:Locomotor was found::
INFO:root:gesture = 4, length = 24
INFO:root:gesture = 10, length = 14
INFO:root:gesture = 8, length = 22
INFO:root:Locomotor was found::
INFO:root:gesture = 10, length = 18
INFO:root:gesture = 4, length = 23
INFO:root:gesture = 10, length = 18
INFO:root:gesture = 8, length = 18
INFO:root:Locomotor was found::
INFO:root:gesture = 4, length = 18
INFO:root:gesture = 5, length = 28
INFO:root:gesture = 4, length = 28
INFO:root:gesture = 10, length = 12
INFO:root:gesture = 8, length = 17
INFO:root:Locomotor was found::
INFO:root:gesture = 1, length = 28
INFO:root:gesture = 10, length = 19
INFO:root:gesture = 8, length = 26
INFO:root:gesture = 10, length = 23
INFO:root:gesture = 4, length = 28
INFO:root:gesture = 10, length = 18
INFO:root:gesture = 8, length = 24
INFO:root:Locomotor was found::
INFO:root:gesture = 10, length = 28
INFO:root:gesture = 4, length = 29
INFO:root:gesture = 10, length = 16
INFO:root:gesture = 8, length = 12
INFO:root:Metelojinx was found::
INFO:root:gesture = 3, length = 36
INFO:root:gesture = 15, length = 4
INFO:root:Incendio was found::
INFO:root:gesture = 1, length = 33
INFO:root:gesture = 2, length = 24
INFO:root:gesture = 3, length = 26
INFO:root:Mimblewimble was found::
INFO:root:gesture = 14, length = 20
INFO:root:gesture = 2, length = 3
INFO:root:gesture = 4, length = 10
INFO:root:gesture = 0, length = 112
INFO:root:Mimblewimble was found::
INFO:root:gesture = 0, length = 113
INFO:root:Herbivicus was found::
INFO:root:gesture = 5, length = 8
INFO:root:gesture = 15, length = 20
INFO:root:Locomotor was found::
INFO:root:gesture = 10, length = 12
INFO:root:gesture = 8, length = 35
INFO:root:gesture = 3, length = 32
INFO:root:gesture = 4, length = 24
INFO:root:gesture = 5, length = 20
INFO:root:gesture = 8, length = 41
INFO:root:gesture = 3, length = 40
INFO:root:gesture = 4, length = 25
INFO:root:gesture = 10, length = 23
INFO:root:gesture = 8, length = 51
INFO:root:Descendo was found::
INFO:root:gesture = 4, length = 34
INFO:root:gesture = 16, length = 54
INFO:root:Reparo was found::
INFO:root:gesture = 13, length = 58
INFO:root:Revelio was found::
INFO:root:gesture = 11, length = 56
INFO:root:gesture = 2, length = 23
INFO:root:Herbivicus was found::
INFO:root:gesture = 1, length = 23
INFO:root:gesture = 3, length = 7
INFO:root:gesture = 8, length = 8
INFO:root:gesture = 10, length = 9
INFO:root:gesture = 1, length = 4
INFO:root:gesture = 5, length = 6
INFO:root:gesture = 1, length = 3
INFO:root:gesture = 5, length = 5
INFO:root:gesture = 15, length = 6
INFO:root:Tarantallegra was found::
INFO:root:gesture = 11, length = 4
INFO:root:gesture = 6, length = 18
INFO:root:gesture = 6, length = 22
INFO:root:Metelojinx was found::
INFO:root:gesture = 4, length = 11
INFO:root:gesture = 8, length = 27
INFO:root:gesture = 3, length = 28
INFO:root:gesture = 15, length = 34
INFO:root:Herbivicus was found::
INFO:root:gesture = 5, length = 1
INFO:root:gesture = 15, length = 7
INFO:root:Incendio was found::
INFO:root:gesture = 4, length = 30
INFO:root:gesture = 5, length = 25
INFO:root:gesture = 1, length = 12
INFO:root:gesture = 5, length = 15
INFO:root:gesture = 4, length = 35
INFO:root:gesture = 5, length = 30
INFO:root:gesture = 1, length = 12
INFO:root:gesture = 2, length = 12
INFO:root:gesture = 3, length = 12
INFO:root:Locomotor was found::
INFO:root:gesture = 4, length = 19
INFO:root:gesture = 5, length = 4
INFO:root:gesture = 4, length = 24
INFO:root:gesture = 10, length = 14
INFO:root:gesture = 8, length = 20
INFO:root:Locomotor was found::
INFO:root:gesture = 4, length = 23
INFO:root:gesture = 10, length = 13
INFO:root:gesture = 8, length = 22
INFO:root:Wingardium Leviosa was found::
INFO:root:gesture = 15, length = 15
INFO:root:gesture = 10, length = 9
INFO:root:gesture = 1, length = 21
INFO:root:gesture = 3, length = 18
INFO:root:gesture = 5, length = 9
INFO:root:gesture = 6, length = 18
INFO:root:gesture = 5, length = 16
INFO:root:Herbivicus was found::
INFO:root:gesture = 5, length = 36
INFO:root:gesture = 4, length = 37
INFO:root:gesture = 5, length = 42
INFO:root:gesture = 15, length = 43
INFO:root:Herbivicus was found::
INFO:root:gesture = 8, length = 8
INFO:root:gesture = 10, length = 7
INFO:root:gesture = 8, length = 11
INFO:root:gesture = 3, length = 12
INFO:root:gesture = 8, length = 6
INFO:root:gesture = 3, length = 5
INFO:root:gesture = 6, length = 15
INFO:root:gesture = 10, length = 16
INFO:root:gesture = 4, length = 20
INFO:root:gesture = 8, length = 10
INFO:root:gesture = 10, length = 17
INFO:root:gesture = 14, length = 3
INFO:root:gesture = 1, length = 19
INFO:root:gesture = 5, length = 33
INFO:root:gesture = 15, length = 4
INFO:root:Locomotor was found::
INFO:root:gesture = 1, length = 14
INFO:root:gesture = 14, length = 2
INFO:root:gesture = 4, length = 22
INFO:root:gesture = 10, length = 23
INFO:root:gesture = 8, length = 24
INFO:root:Alohomora was found::
INFO:root:gesture = 8, length = 27
INFO:root:gesture = 14, length = 45
INFO:root:gesture = 8, length = 2
INFO:root:gesture = 7, length = 58
INFO:root:gesture = 5, length = 22
INFO:root:Locomotor was found::
INFO:root:gesture = 4, length = 17
INFO:root:gesture = 6, length = 4
INFO:root:gesture = 4, length = 25
INFO:root:gesture = 10, length = 25
INFO:root:gesture = 8, length = 42
INFO:root:Descendo was found::
INFO:root:gesture = 2, length = 7
INFO:root:gesture = 1, length = 4
INFO:root:gesture = 3, length = 8
INFO:root:gesture = 16, length = 13
INFO:root:Herbivicus was found::
INFO:root:gesture = 2, length = 5
INFO:root:gesture = 15, length = 13
INFO:root:gesture = 5, length = 26
INFO:root:gesture = 15, length = 30
INFO:root:Locomotor was found::
INFO:root:gesture = 2, length = 9
INFO:root:gesture = 3, length = 14
INFO:root:gesture = 2, length = 8
INFO:root:gesture = 1, length = 14
INFO:root:gesture = 14, length = 14
INFO:root:gesture = 4, length = 15
INFO:root:gesture = 2, length = 28
INFO:root:gesture = 4, length = 32
INFO:root:gesture = 10, length = 22
INFO:root:gesture = 8, length = 25
INFO:root:Locomotor was found::
INFO:root:gesture = 4, length = 30
INFO:root:gesture = 10, length = 24
INFO:root:gesture = 8, length = 49
INFO:root:Alohomora was found::
INFO:root:gesture = 4, length = 32
INFO:root:gesture = 8, length = 4
INFO:root:gesture = 7, length = 48
INFO:root:gesture = 5, length = 25
INFO:root:Locomotor was found::
INFO:root:gesture = 4, length = 24
INFO:root:gesture = 10, length = 21
INFO:root:gesture = 8, length = 48
