INFO:ouimeaux.environment:Discovering devices
INFO:urllib3.connectionpool:Starting new HTTP connection (1): 192.168.1.201
INFO:urllib3.connectionpool:Starting new HTTP connection (1): 192.168.1.201
INFO:urllib3.connectionpool:Starting new HTTP connection (1): 192.168.1.201
INFO:urllib3.connectionpool:Starting new HTTP connection (1): 192.168.1.201
INFO:urllib3.connectionpool:Starting new HTTP connection (1): 192.168.1.201
INFO:urllib3.connectionpool:Starting new HTTP connection (1): 192.168.1.201
INFO:urllib3.connectionpool:Starting new HTTP connection (1): 192.168.1.201
INFO:urllib3.connectionpool:Starting new HTTP connection (1): 192.168.1.201
INFO:urllib3.connectionpool:Starting new HTTP connection (1): 192.168.1.201
INFO:urllib3.connectionpool:Starting new HTTP connection (1): 192.168.1.201
INFO:urllib3.connectionpool:Starting new HTTP connection (1): 192.168.1.201
INFO:ouimeaux.environment:Found device <WeMo Switch "Bedroom Lamp"> at ('192.168.1.201', 3103)
INFO:ouimeaux.subscribe:Subscribing to basic events from <WeMo Switch "Bedroom Lamp">
INFO:urllib3.connectionpool:Starting new HTTP connection (1): 192.168.1.201
INFO:urllib3.connectionpool:Starting new HTTP connection (1): 192.168.1.201
INFO:ouimeaux.environment:Unrecognized device type. USN=uuid:05b031e3-2c88-d15f-b38d-e239f8e4ff9f::upnp:rootdevice
INFO:ouimeaux.environment:Unrecognized device type. USN=uuid:c9812a53-399a-0df8-5968-e468806712dd::upnp:rootdevice
INFO:root:Locomotor was found::
INFO:root:gesture = 4, length = 3
INFO:root:gesture = 4, length = 32
INFO:root:gesture = 10, length = 38
INFO:root:gesture = 8, length = 33
INFO:root:Wingardium Leviosa was found::
INFO:root:gesture = 6, length = 10
INFO:root:gesture = 5, length = 9
INFO:root:Locomotor was found::
INFO:root:gesture = 6, length = 4
INFO:root:gesture = 10, length = 3
INFO:root:gesture = 5, length = 40
INFO:root:gesture = 4, length = 48
INFO:root:gesture = 10, length = 38
INFO:root:gesture = 8, length = 23
INFO:root:Incendio was found::
INFO:root:gesture = 1, length = 41
INFO:root:gesture = 2, length = 41
INFO:root:gesture = 3, length = 37
INFO:root:Mimblewimble was found::
INFO:root:gesture = 0, length = 103
INFO:root:Revelio was found::
INFO:root:gesture = 3, length = 45
INFO:root:gesture = 11, length = 69
INFO:root:gesture = 2, length = 23
INFO:root:Reparo was found::
INFO:root:gesture = 14, length = 19
INFO:root:gesture = 13, length = 63
INFO:root:Metelojinx was found::
INFO:root:gesture = 3, length = 26
INFO:root:gesture = 15, length = 3
INFO:root:Herbivicus was found::
INFO:root:gesture = 5, length = 19
INFO:root:gesture = 15, length = 3
INFO:root:Herbivicus was found::
INFO:root:gesture = 14, length = 3
INFO:root:gesture = 4, length = 43
INFO:root:gesture = 5, length = 31
INFO:root:gesture = 15, length = 24
INFO:root:Silencio was found::
INFO:root:gesture = 14, length = 24
INFO:root:gesture = 5, length = 20
INFO:root:Wingardium Leviosa was found::
INFO:root:gesture = 6, length = 23
INFO:root:gesture = 5, length = 21
INFO:root:Locomotor was found::
INFO:root:gesture = 4, length = 4
INFO:root:gesture = 10, length = 3
INFO:root:gesture = 8, length = 4
INFO:root:Locomotor was found::
INFO:root:gesture = 4, length = 7
INFO:root:gesture = 10, length = 4
INFO:root:gesture = 8, length = 13
