Setting up devices for control
Switch Found:  Bedroom Lamp
Setting up devices for control
Switch Found:  Bedroom Lamp
Setting Camera brightness to 30
Setting Camera framerate to 12
Setting Camera crop to .35,.25,.3,.5
Setting Camera hflip to True
Setting Camera resolution to 416,256
Setting Camera contrast to 50
Setting Detection featThresh to 30
Setting Detection dThresh to 3
Setting Detection aThresh to 65
Setting Detection tThresh to .6
Setting Detection intensityThresh to 50
Feature Pass, 3 (score: 19)
Feature Pass, 3 (score: 19)
Feature Pass, 3 (score: 19)
Feature Pass, 10 (score: 26)
Feature Pass, 4 (score: 7)
Feature Pass, 4 (score: 7)
Feature Pass, 4 (score: 8)
Feature Pass, 4 (score: 8)
Feature Pass, 10 (score: 1)
Feature Pass, 10 (score: 1)
Feature Pass, 10 (score: 4)
Feature Pass, 10 (score: 4)
Feature Pass, 8 (score: 0)
==========================================
Spell found:  Locomotor  !!!!!!!
==========================================
locomotor: tplinkplug --- toggle --- 192.168.1.212
Feature Pass, 3 (score: 26)
Feature Pass, 1 (score: 20)
Feature Pass, 14 (score: 15)
Feature Pass, 14 (score: 17)
Feature Pass, 14 (score: 19)
Feature Pass, 14 (score: 23)
Feature Pass, 14 (score: 27)
Feature Pass, 14 (score: 27)
Feature Pass, 3 (score: 28)
Feature Pass, 10 (score: 21)
Feature Pass, 3 (score: 8)
Feature Pass, 3 (score: 20)
Feature Pass, 3 (score: 29)
Feature Fail, 16 (score: 37)
Feature Fail, 16 (score: 40)
Feature Fail, 16 (score: 50)
Feature Fail, 16 (score: 61)
Feature Fail, 5 (score: 76)
Feature Fail, 6 (score: 77)
Feature Fail, 6 (score: 72)
Feature Fail, 6 (score: 70)
Feature Fail, 6 (score: 68)
Feature Fail, 6 (score: 68)
Feature Fail, 0 (score: 65)
Feature Fail, 0 (score: 57)
Feature Fail, 0 (score: 45)
Feature Fail, 0 (score: 35)
Feature Pass, 0 (score: 17)
==========================================
Spell found:  Mimblewimble  !!!!!!!
==========================================
mimblewimble: sound --- play --- HPtheme.mp3
Feature Fail, 14 (score: 36)
Feature Fail, 8 (score: 30)
Feature Pass, 8 (score: 25)
Feature Pass, 15 (score: 24)
Feature Pass, 15 (score: 19)
Feature Pass, 15 (score: 13)
Feature Pass, 15 (score: 12)
Feature Pass, 10 (score: 17)
Feature Pass, 4 (score: 3)
Feature Pass, 4 (score: 3)
Feature Pass, 4 (score: 4)
Feature Pass, 4 (score: 4)
Feature Pass, 10 (score: 9)
Feature Pass, 10 (score: 13)
Feature Pass, 10 (score: 13)
Feature Pass, 10 (score: 18)
Feature Pass, 10 (score: 18)
Feature Pass, 4 (score: 7)
Feature Pass, 4 (score: 9)
Feature Pass, 4 (score: 10)
Feature Pass, 4 (score: 10)
Feature Pass, 10 (score: 7)
Feature Pass, 10 (score: 7)
Feature Pass, 10 (score: 7)
Feature Pass, 10 (score: 7)
Feature Pass, 8 (score: 3)
==========================================
Spell found:  Locomotor  !!!!!!!
==========================================
locomotor: tplinkplug --- toggle --- 192.168.1.212
Feature Pass, 3 (score: 22)
Feature Pass, 3 (score: 21)
Feature Pass, 3 (score: 23)
Feature Pass, 3 (score: 26)
Feature Pass, 3 (score: 29)
Feature Pass, 3 (score: 29)
Feature Pass, 1 (score: 14)
Feature Pass, 1 (score: 13)
Feature Pass, 1 (score: 13)
Feature Pass, 1 (score: 13)
Feature Pass, 10 (score: 5)
Feature Pass, 10 (score: 7)
Feature Pass, 10 (score: 7)
Feature Pass, 10 (score: 7)
Feature Pass, 8 (score: 6)
Feature Pass, 3 (score: 19)
Feature Pass, 3 (score: 19)
Feature Pass, 3 (score: 22)
Feature Pass, 3 (score: 28)
Feature Fail, 3 (score: 33)
Feature Fail, 3 (score: 33)
Feature Pass, 4 (score: 11)
Feature Pass, 4 (score: 12)
Feature Pass, 4 (score: 14)
Feature Pass, 4 (score: 14)
Feature Pass, 10 (score: 4)
Feature Pass, 10 (score: 4)
Feature Pass, 10 (score: 7)
Feature Pass, 10 (score: 7)
Feature Pass, 8 (score: 3)
==========================================
Spell found:  Locomotor  !!!!!!!
==========================================
locomotor: tplinkplug --- toggle --- 192.168.1.212
Feature Pass, 3 (score: 12)
Feature Pass, 3 (score: 16)
Feature Pass, 3 (score: 19)
Feature Pass, 3 (score: 19)
Feature Pass, 3 (score: 17)
Feature Pass, 3 (score: 17)
Feature Pass, 3 (score: 17)
Feature Pass, 3 (score: 16)
Feature Pass, 3 (score: 16)
Feature Fail, 10 (score: 35)
Feature Fail, 5 (score: 61)
Feature Fail, 10 (score: 44)
Feature Fail, 6 (score: 37)
Feature Fail, 15 (score: 75)
Feature Pass, 6 (score: 23)
Feature Fail, 6 (score: 34)
Feature Fail, 1 (score: 40)
Feature Fail, 1 (score: 49)
Feature Fail, 1 (score: 56)
Feature Fail, 4 (score: 63)
Feature Fail, 4 (score: 70)
Feature Fail, 3 (score: 65)
Feature Fail, 16 (score: 47)
Feature Fail, 16 (score: 39)
Feature Fail, 16 (score: 33)
Feature Pass, 16 (score: 27)
==========================================
Spell found:  Descendo  !!!!!!!
==========================================
descendo: tplinkbulb --- -brightness --- 192.168.1.211
Feature Fail, 14 (score: 38)
Feature Fail, 4 (score: 37)
Feature Fail, 4 (score: 36)
Feature Fail, 4 (score: 35)
Feature Fail, 4 (score: 36)
Feature Fail, 4 (score: 37)
Feature Fail, 4 (score: 37)
Feature Fail, 4 (score: 37)
Feature Fail, 4 (score: 38)
Feature Fail, 4 (score: 40)
Feature Fail, 4 (score: 43)
Feature Fail, 3 (score: 44)
Feature Fail, 3 (score: 45)
Feature Fail, 3 (score: 45)
Feature Fail, 16 (score: 94)
Feature Pass, 4 (score: 24)
Feature Pass, 1 (score: 9)
Feature Pass, 1 (score: 10)
Feature Pass, 1 (score: 11)
Feature Pass, 1 (score: 11)
Feature Pass, 2 (score: 3)
Feature Pass, 2 (score: 3)
Feature Pass, 2 (score: 3)
Feature Pass, 2 (score: 3)
Feature Pass, 1 (score: 20)
Feature Pass, 3 (score: 25)
Feature Pass, 3 (score: 20)
Feature Pass, 3 (score: 12)
Feature Pass, 3 (score: 4)
Feature Pass, 3 (score: 4)
Feature Pass, 3 (score: 6)
Feature Pass, 3 (score: 7)
Feature Pass, 3 (score: 8)
Feature Pass, 3 (score: 9)
Feature Pass, 3 (score: 10)
Feature Pass, 3 (score: 10)
Feature Pass, 2 (score: 26)
Feature Fail, 8 (score: 54)
Feature Fail, 4 (score: 46)
Feature Pass, 1 (score: 2)
Feature Pass, 1 (score: 6)
Feature Pass, 1 (score: 10)
Feature Pass, 1 (score: 10)
Feature Pass, 2 (score: 3)
Feature Pass, 2 (score: 2)
Feature Pass, 2 (score: 4)
Feature Pass, 2 (score: 4)
Feature Fail, 3 (score: 36)
Feature Fail, 3 (score: 32)
Feature Pass, 3 (score: 24)
==========================================
Spell found:  Incendio  !!!!!!!
==========================================
incendio: sound --- play --- Lumos.mp3
Feature Pass, 10 (score: 10)
Feature Pass, 17 (score: 28)
==========================================
Spell found:  Ascendio  !!!!!!!
==========================================
ascendio: tplinkbulb --- +brightness --- 192.168.1.211
Feature Pass, 10 (score: 27)
Feature Fail, 4 (score: 56)
Feature Pass, 10 (score: 26)
Feature Fail, 5 (score: 64)
Feature Fail, 17 (score: 70)
Feature Fail, 2 (score: 57)
Feature Fail, 6 (score: 78)
Feature Fail, 15 (score: 40)
Feature Pass, 2 (score: 26)
Feature Fail, 2 (score: 44)
Feature Fail, 8 (score: 44)
Feature Fail, 2 (score: 37)
Feature Fail, 2 (score: 39)
Feature Fail, 6 (score: 40)
Feature Pass, 14 (score: 16)
Feature Fail, 4 (score: 56)
Feature Fail, 16 (score: 204)
Feature Fail, 6 (score: 37)
Feature Fail, 6 (score: 40)
Feature Fail, 1 (score: 39)
Feature Fail, 1 (score: 37)
Feature Fail, 1 (score: 36)
Feature Fail, 1 (score: 36)
Feature Pass, 10 (score: 5)
Feature Pass, 10 (score: 5)
Feature Pass, 10 (score: 9)
Feature Pass, 10 (score: 9)
Feature Pass, 8 (score: 5)
Feature Pass, 8 (score: 5)
Feature Pass, 8 (score: 4)
Feature Pass, 8 (score: 4)
Feature Pass, 8 (score: 4)
Feature Pass, 5 (score: 4)
Feature Pass, 3 (score: 22)
Feature Pass, 3 (score: 19)
Feature Pass, 3 (score: 17)
Feature Pass, 3 (score: 17)
Feature Pass, 3 (score: 24)
Feature Pass, 3 (score: 24)
Feature Pass, 4 (score: 9)
Feature Pass, 4 (score: 10)
Feature Pass, 4 (score: 10)
Feature Pass, 10 (score: 2)
Feature Pass, 10 (score: 3)
Feature Pass, 10 (score: 9)
Feature Pass, 10 (score: 9)
Feature Pass, 8 (score: 2)
==========================================
Spell found:  Locomotor  !!!!!!!
==========================================
locomotor: tplinkplug --- toggle --- 192.168.1.212
Feature Pass, 14 (score: 19)
Feature Pass, 14 (score: 19)
Feature Pass, 14 (score: 19)
Feature Pass, 14 (score: 22)
Feature Pass, 14 (score: 26)
Feature Fail, 14 (score: 30)
Feature Fail, 14 (score: 31)
Feature Fail, 14 (score: 32)
Feature Fail, 14 (score: 32)
Feature Pass, 5 (score: 14)
Feature Pass, 5 (score: 13)
Feature Pass, 5 (score: 14)
Feature Pass, 5 (score: 14)
Feature Pass, 15 (score: 22)
==========================================
Spell found:  Herbivicus  !!!!!!!
==========================================
herbivicus: say --- espeak --- Herbivicus
Feature Pass, 2 (score: 27)
Feature Pass, 3 (score: 21)
Feature Pass, 3 (score: 20)
Feature Pass, 3 (score: 20)
Feature Pass, 3 (score: 20)
Feature Pass, 3 (score: 21)
Feature Pass, 3 (score: 21)
Feature Fail, 6 (score: 39)
Feature Fail, 1 (score: 41)
Feature Fail, 16 (score: 40)
Feature Pass, 2 (score: 26)
Feature Fail, 6 (score: 100)
Feature Fail, 6 (score: 93)
Feature Pass, 8 (score: 26)
Feature Pass, 8 (score: 28)
Feature Pass, 6 (score: 29)
Feature Fail, 6 (score: 36)
Feature Fail, 6 (score: 50)
Feature Fail, 1 (score: 58)
Feature Fail, 1 (score: 62)
Feature Fail, 1 (score: 69)
Feature Fail, 4 (score: 73)
Feature Fail, 4 (score: 80)
Feature Fail, 3 (score: 79)
Feature Fail, 3 (score: 76)
Feature Fail, 16 (score: 68)
Feature Fail, 16 (score: 59)
Feature Fail, 16 (score: 54)
Feature Fail, 16 (score: 50)
Feature Fail, 16 (score: 49)
Feature Fail, 16 (score: 48)
Feature Fail, 16 (score: 48)
Feature Fail, 16 (score: 47)
Feature Fail, 16 (score: 46)
Feature Fail, 16 (score: 48)
Feature Fail, 16 (score: 47)
Feature Fail, 16 (score: 49)
Feature Fail, 16 (score: 52)
Feature Fail, 16 (score: 51)
Feature Fail, 16 (score: 59)
Feature Fail, 16 (score: 60)
Feature Fail, 16 (score: 64)
Feature Pass, 14 (score: 23)
Feature Pass, 4 (score: 7)
Feature Pass, 4 (score: 8)
Feature Pass, 4 (score: 10)
Feature Pass, 4 (score: 12)
Feature Pass, 4 (score: 12)
Feature Pass, 4 (score: 14)
Feature Pass, 4 (score: 20)
Feature Pass, 4 (score: 27)
Feature Pass, 4 (score: 27)
Feature Fail, 6 (score: 30)
Feature Fail, 1 (score: 37)
Feature Fail, 1 (score: 45)
Feature Fail, 1 (score: 53)
Feature Fail, 4 (score: 60)
Feature Fail, 4 (score: 69)
Feature Fail, 3 (score: 65)
Feature Fail, 16 (score: 53)
Feature Fail, 16 (score: 41)
Feature Fail, 16 (score: 33)
Feature Pass, 16 (score: 25)
==========================================
Spell found:  Descendo  !!!!!!!
==========================================
descendo: tplinkbulb --- -brightness --- 192.168.1.211
Feature Pass, 15 (score: 18)
Feature Pass, 15 (score: 14)
Feature Fail, 3 (score: 51)
Feature Fail, 14 (score: 32)
Feature Fail, 3 (score: 33)
Feature Fail, 3 (score: 31)
Feature Fail, 3 (score: 31)
Feature Pass, 4 (score: 27)
Feature Pass, 10 (score: 20)
Feature Pass, 4 (score: 7)
Feature Pass, 4 (score: 7)
Feature Pass, 4 (score: 7)
Feature Pass, 10 (score: 5)
Feature Pass, 10 (score: 5)
Feature Pass, 10 (score: 5)
Feature Pass, 8 (score: 7)
==========================================
Spell found:  Locomotor  !!!!!!!
==========================================
locomotor: tplinkplug --- toggle --- 192.168.1.212
Feature Pass, 8 (score: 6)
Feature Pass, 8 (score: 6)
Feature Pass, 8 (score: 7)
Feature Pass, 8 (score: 9)
Feature Pass, 8 (score: 16)
Feature Pass, 8 (score: 16)
Feature Pass, 14 (score: 21)
Feature Pass, 14 (score: 19)
Feature Pass, 14 (score: 20)
Feature Pass, 14 (score: 22)
Feature Pass, 3 (score: 22)
Feature Pass, 3 (score: 22)
Feature Pass, 3 (score: 22)
Feature Pass, 4 (score: 6)
Feature Pass, 4 (score: 6)
Feature Pass, 4 (score: 6)
Feature Pass, 10 (score: 7)
Feature Pass, 8 (score: 6)
==========================================
Spell found:  Locomotor  !!!!!!!
==========================================
locomotor: tplinkplug --- toggle --- 192.168.1.212
Feature Pass, 8 (score: 5)
Feature Pass, 8 (score: 5)
Feature Pass, 8 (score: 6)
Feature Pass, 8 (score: 9)
Feature Pass, 8 (score: 9)
Feature Pass, 5 (score: 20)
Feature Pass, 5 (score: 20)
Feature Pass, 5 (score: 20)
Feature Pass, 14 (score: 22)
Feature Pass, 14 (score: 24)
Feature Pass, 14 (score: 26)
Feature Pass, 14 (score: 28)
Feature Pass, 14 (score: 29)
Feature Fail, 14 (score: 31)
Feature Fail, 14 (score: 32)
Feature Fail, 14 (score: 33)
Feature Fail, 14 (score: 36)
Feature Fail, 14 (score: 36)
Feature Pass, 2 (score: 16)
Feature Pass, 5 (score: 28)
Feature Fail, 5 (score: 41)
Feature Fail, 10 (score: 49)
Feature Fail, 7 (score: 47)
Feature Fail, 7 (score: 38)
Feature Pass, 7 (score: 28)
Feature Pass, 7 (score: 16)
Feature Pass, 7 (score: 14)
Feature Pass, 7 (score: 15)
Feature Pass, 7 (score: 15)
Feature Pass, 5 (score: 7)
==========================================
Spell found:  Alohomora  !!!!!!!
==========================================
alohomora: tplinkbulb --- toggle --- 192.168.1.211
Feature Pass, 5 (score: 21)
Feature Pass, 4 (score: 6)
Feature Pass, 4 (score: 5)
Feature Pass, 4 (score: 5)
Feature Pass, 4 (score: 5)
Feature Pass, 4 (score: 5)
Feature Pass, 4 (score: 6)
Feature Pass, 4 (score: 8)
Feature Pass, 4 (score: 13)
Feature Pass, 4 (score: 13)
Feature Pass, 2 (score: 22)
Feature Fail, 5 (score: 31)
Feature Fail, 5 (score: 39)
Feature Fail, 5 (score: 49)
Feature Fail, 10 (score: 54)
Feature Fail, 7 (score: 40)
Feature Pass, 7 (score: 29)
Feature Pass, 7 (score: 19)
Feature Pass, 7 (score: 12)
Feature Pass, 7 (score: 11)
Feature Pass, 7 (score: 11)
Feature Pass, 7 (score: 24)
Feature Fail, 17 (score: 33)
Feature Fail, 17 (score: 48)
Feature Fail, 17 (score: 61)
Feature Fail, 17 (score: 75)
Feature Fail, 11 (score: 79)
Feature Fail, 11 (score: 76)
Feature Fail, 11 (score: 76)
Feature Fail, 11 (score: 76)
Feature Pass, 1 (score: 16)
Feature Pass, 4 (score: 16)
Feature Pass, 1 (score: 16)
Feature Pass, 1 (score: 16)
Feature Pass, 1 (score: 16)
Feature Pass, 4 (score: 20)
Feature Fail, 4 (score: 30)
Feature Pass, 2 (score: 27)
Feature Fail, 5 (score: 34)
Feature Fail, 5 (score: 39)
Feature Fail, 5 (score: 47)
Feature Fail, 10 (score: 56)
Feature Fail, 7 (score: 46)
Feature Fail, 7 (score: 32)
Feature Pass, 7 (score: 24)
Feature Pass, 7 (score: 11)
Feature Pass, 7 (score: 8)
Feature Pass, 7 (score: 7)
Feature Pass, 7 (score: 7)
Feature Pass, 5 (score: 6)
==========================================
Spell found:  Alohomora  !!!!!!!
==========================================
alohomora: tplinkbulb --- toggle --- 192.168.1.211
Feature Pass, 5 (score: 21)
Feature Pass, 1 (score: 17)
Feature Pass, 1 (score: 18)
Feature Pass, 4 (score: 18)
Feature Pass, 4 (score: 18)
Feature Pass, 4 (score: 17)
Feature Pass, 4 (score: 18)
Feature Pass, 4 (score: 24)
Feature Pass, 4 (score: 24)
Feature Pass, 2 (score: 21)
Feature Pass, 2 (score: 25)
Feature Fail, 2 (score: 37)
Feature Fail, 5 (score: 48)
Feature Fail, 5 (score: 58)
Feature Fail, 13 (score: 46)
Feature Fail, 7 (score: 33)
Feature Pass, 7 (score: 22)
Feature Pass, 17 (score: 17)
==========================================
Spell found:  Ascendio  !!!!!!!
==========================================
ascendio: tplinkbulb --- +brightness --- 192.168.1.211
Feature Pass, 4 (score: 14)
Feature Pass, 15 (score: 11)
Feature Pass, 15 (score: 11)
Feature Pass, 5 (score: 9)
Feature Pass, 5 (score: 10)
Feature Pass, 5 (score: 10)
Feature Pass, 5 (score: 11)
Feature Pass, 5 (score: 12)
Feature Pass, 5 (score: 12)
Feature Pass, 5 (score: 12)
Feature Pass, 5 (score: 13)
Feature Pass, 5 (score: 13)
Feature Pass, 2 (score: 26)
Feature Fail, 2 (score: 30)
Feature Fail, 2 (score: 37)
Feature Fail, 2 (score: 49)
Feature Fail, 5 (score: 60)
Feature Fail, 13 (score: 49)
Feature Fail, 13 (score: 36)
Feature Fail, 13 (score: 33)
Feature Pass, 7 (score: 25)
Feature Pass, 7 (score: 18)
Feature Pass, 17 (score: 18)
==========================================
Spell found:  Ascendio  !!!!!!!
==========================================
ascendio: tplinkbulb --- +brightness --- 192.168.1.211
Feature Pass, 4 (score: 12)
Feature Pass, 15 (score: 15)
Feature Pass, 15 (score: 15)
Feature Pass, 5 (score: 6)
Feature Pass, 5 (score: 8)
Feature Pass, 5 (score: 9)
Feature Pass, 5 (score: 11)
Feature Pass, 5 (score: 12)
Feature Pass, 5 (score: 12)
Feature Pass, 5 (score: 11)
Feature Pass, 5 (score: 11)
Feature Pass, 5 (score: 11)
Feature Pass, 5 (score: 12)
Feature Pass, 5 (score: 12)
Feature Pass, 5 (score: 13)
Feature Pass, 5 (score: 14)
Feature Pass, 5 (score: 14)
Feature Pass, 5 (score: 14)
Feature Pass, 5 (score: 15)
Feature Pass, 5 (score: 16)
Feature Pass, 4 (score: 9)
Feature Pass, 4 (score: 12)
Feature Pass, 4 (score: 13)
Feature Pass, 1 (score: 14)
Feature Pass, 1 (score: 13)
Feature Pass, 1 (score: 14)
Feature Pass, 1 (score: 16)
Feature Pass, 1 (score: 18)
Feature Pass, 1 (score: 21)
Feature Pass, 1 (score: 23)
Feature Pass, 1 (score: 26)
Feature Pass, 1 (score: 27)
Feature Pass, 1 (score: 28)
Feature Fail, 1 (score: 30)
Feature Fail, 1 (score: 33)
Feature Fail, 1 (score: 34)
Feature Fail, 11 (score: 36)
Feature Fail, 11 (score: 34)
Feature Fail, 11 (score: 34)
Feature Pass, 3 (score: 24)
Feature Pass, 3 (score: 17)
Feature Pass, 3 (score: 20)
Feature Pass, 3 (score: 23)
Feature Pass, 3 (score: 23)
Feature Pass, 1 (score: 24)
Feature Fail, 1 (score: 36)
Feature Pass, 15 (score: 28)
==========================================
Spell found:  Metelojinx  !!!!!!!
==========================================
metelojinx: say --- espeak --- metelojinx
Feature Pass, 2 (score: 7)
Feature Pass, 14 (score: 21)
Feature Fail, 10 (score: 32)
Feature Fail, 10 (score: 32)
Feature Fail, 10 (score: 34)
Feature Pass, 4 (score: 14)
Feature Pass, 4 (score: 19)
Feature Pass, 4 (score: 27)
Feature Pass, 4 (score: 27)
Feature Pass, 6 (score: 28)
Feature Pass, 6 (score: 12)
Feature Pass, 6 (score: 13)
Feature Pass, 6 (score: 13)
Feature Pass, 2 (score: 26)
Feature Pass, 6 (score: 26)
==========================================
Spell found:  Tarantallegra  !!!!!!!
==========================================
tarantallegra: say --- espeak --- Tarantallegra
Feature Pass, 1 (score: 6)
Feature Pass, 5 (score: 10)
Feature Pass, 5 (score: 12)
Feature Pass, 5 (score: 15)
Feature Pass, 5 (score: 18)
Feature Pass, 5 (score: 18)
Feature Pass, 5 (score: 7)
Feature Pass, 4 (score: 4)
Feature Pass, 5 (score: 12)
Feature Pass, 1 (score: 11)
Feature Pass, 5 (score: 4)
Feature Pass, 4 (score: 8)
Feature Pass, 6 (score: 17)
Feature Pass, 4 (score: 8)
Feature Pass, 5 (score: 3)
Feature Pass, 8 (score: 5)
Feature Pass, 8 (score: 5)
Feature Pass, 2 (score: 23)
Feature Pass, 2 (score: 23)
Feature Pass, 4 (score: 12)
Feature Pass, 6 (score: 11)
Feature Pass, 1 (score: 13)
Feature Pass, 1 (score: 12)
Feature Pass, 1 (score: 11)
Feature Pass, 1 (score: 11)
Feature Pass, 1 (score: 12)
Feature Pass, 1 (score: 17)
Feature Pass, 1 (score: 17)
Feature Fail, 8 (score: 40)
Feature Pass, 3 (score: 28)
Feature Pass, 8 (score: 13)
Feature Pass, 3 (score: 28)
Feature Pass, 15 (score: 27)
==========================================
Spell found:  Metelojinx  !!!!!!!
==========================================
metelojinx: say --- espeak --- metelojinx
Feature Pass, 8 (score: 0)
Feature Pass, 14 (score: 19)
Feature Pass, 14 (score: 20)
Feature Pass, 14 (score: 22)
Feature Pass, 14 (score: 22)
Feature Pass, 8 (score: 6)
Feature Pass, 8 (score: 6)
Feature Pass, 8 (score: 6)
Feature Pass, 14 (score: 22)
Feature Pass, 14 (score: 22)
Feature Pass, 14 (score: 22)
Feature Pass, 8 (score: 5)
Feature Pass, 8 (score: 5)
Feature Pass, 8 (score: 5)
Feature Pass, 2 (score: 28)
Feature Fail, 10 (score: 33)
Feature Fail, 6 (score: 51)
Feature Fail, 1 (score: 42)
Feature Pass, 2 (score: 27)
Feature Pass, 14 (score: 22)
Feature Pass, 3 (score: 23)
Feature Pass, 3 (score: 22)
Feature Pass, 3 (score: 18)
Feature Pass, 3 (score: 16)
Feature Pass, 3 (score: 13)
Feature Pass, 3 (score: 10)
Feature Pass, 3 (score: 9)
Feature Pass, 3 (score: 9)
Feature Pass, 4 (score: 3)
Feature Pass, 4 (score: 4)
Feature Pass, 4 (score: 7)
Feature Pass, 4 (score: 7)
Feature Pass, 10 (score: 0)
Feature Pass, 10 (score: 2)
Feature Pass, 10 (score: 6)
Feature Pass, 10 (score: 6)
Feature Pass, 8 (score: 1)
==========================================
Spell found:  Locomotor  !!!!!!!
==========================================
locomotor: tplinkplug --- toggle --- 192.168.1.212
Feature Pass, 8 (score: 13)
Feature Pass, 3 (score: 23)
Feature Pass, 3 (score: 20)
Feature Pass, 3 (score: 20)
Feature Pass, 3 (score: 19)
Feature Pass, 3 (score: 21)
Feature Pass, 3 (score: 20)
Feature Pass, 3 (score: 20)
Feature Pass, 3 (score: 20)
Feature Fail, 2 (score: 36)
Feature Fail, 2 (score: 43)
Feature Fail, 5 (score: 56)
Feature Fail, 5 (score: 60)
Feature Fail, 13 (score: 45)
Feature Fail, 13 (score: 38)
Feature Fail, 13 (score: 31)
Feature Pass, 7 (score: 25)
Feature Pass, 7 (score: 17)
Feature Pass, 7 (score: 13)
Feature Pass, 7 (score: 13)
Feature Pass, 5 (score: 8)
==========================================
Spell found:  Alohomora  !!!!!!!
==========================================
alohomora: tplinkbulb --- toggle --- 192.168.1.211
Feature Pass, 2 (score: 9)
Feature Fail, 15 (score: 45)
Feature Fail, 1 (score: 30)
Feature Fail, 15 (score: 30)
Feature Pass, 15 (score: 19)
Feature Pass, 15 (score: 23)
Feature Fail, 3 (score: 35)
Feature Fail, 3 (score: 32)
Feature Pass, 6 (score: 6)
Feature Pass, 10 (score: 22)
Feature Pass, 5 (score: 3)
Feature Pass, 5 (score: 3)
Feature Pass, 5 (score: 4)
Feature Pass, 5 (score: 5)
Feature Pass, 5 (score: 6)
Feature Pass, 5 (score: 7)
Feature Pass, 5 (score: 6)
Feature Pass, 5 (score: 8)
Feature Pass, 5 (score: 9)
Feature Pass, 5 (score: 9)
Feature Pass, 4 (score: 17)
Feature Fail, 3 (score: 55)
Feature Pass, 4 (score: 20)
Feature Pass, 4 (score: 22)
Feature Pass, 4 (score: 24)
Feature Pass, 4 (score: 25)
Feature Pass, 4 (score: 25)
Feature Pass, 4 (score: 26)
Feature Pass, 4 (score: 26)
Feature Pass, 6 (score: 25)
Feature Pass, 6 (score: 14)
Feature Pass, 6 (score: 13)
Feature Pass, 6 (score: 13)
Feature Pass, 5 (score: 6)
==========================================
Spell found:  Wingardium Leviosa  !!!!!!!
==========================================
wingardium leviosa: sound --- play --- Wingardium.mp3
Feature Pass, 5 (score: 16)
Feature Pass, 4 (score: 9)
Feature Pass, 4 (score: 10)
Feature Pass, 4 (score: 16)
Feature Pass, 4 (score: 16)
Feature Pass, 1 (score: 8)
Feature Pass, 1 (score: 8)
Feature Pass, 1 (score: 9)
Feature Pass, 1 (score: 9)
Feature Fail, 5 (score: 35)
Feature Fail, 10 (score: 39)
Feature Fail, 14 (score: 42)
Feature Fail, 7 (score: 37)
Feature Fail, 7 (score: 36)
Feature Fail, 7 (score: 36)
Feature Pass, 5 (score: 3)
Feature Pass, 5 (score: 2)
Feature Pass, 5 (score: 2)
Feature Pass, 5 (score: 3)
Feature Pass, 5 (score: 3)
Feature Pass, 5 (score: 6)
Feature Pass, 5 (score: 6)
Feature Pass, 4 (score: 17)
Feature Pass, 1 (score: 17)
Feature Pass, 1 (score: 16)
Feature Pass, 1 (score: 16)
Feature Pass, 1 (score: 17)
Feature Pass, 1 (score: 17)
Feature Pass, 5 (score: 22)
Feature Pass, 10 (score: 25)
Feature Fail, 10 (score: 33)
Feature Fail, 14 (score: 36)
Feature Fail, 14 (score: 35)
Feature Fail, 17 (score: 33)
Feature Fail, 17 (score: 33)
Feature Pass, 5 (score: 5)
Feature Pass, 5 (score: 5)
Feature Pass, 5 (score: 5)
Feature Pass, 5 (score: 5)
Feature Pass, 5 (score: 5)
Feature Pass, 5 (score: 5)
Feature Pass, 1 (score: 15)
Feature Pass, 1 (score: 16)
Feature Pass, 1 (score: 14)
Feature Pass, 1 (score: 14)
Feature Pass, 1 (score: 14)
Feature Pass, 1 (score: 14)
Feature Pass, 1 (score: 14)
Feature Pass, 10 (score: 19)
Feature Pass, 4 (score: 27)
Feature Pass, 5 (score: 14)
Feature Pass, 5 (score: 12)
Feature Pass, 5 (score: 12)
Feature Pass, 5 (score: 11)
Feature Pass, 5 (score: 11)
Feature Pass, 5 (score: 12)
Feature Pass, 5 (score: 12)
Feature Pass, 1 (score: 19)
Feature Pass, 1 (score: 17)
Feature Pass, 1 (score: 17)
Feature Pass, 1 (score: 17)
Feature Pass, 14 (score: 7)
Feature Pass, 14 (score: 10)
Feature Pass, 14 (score: 15)
Feature Pass, 14 (score: 16)
Feature Pass, 14 (score: 16)
Feature Pass, 5 (score: 0)
==========================================
Spell found:  Silencio  !!!!!!!
==========================================
silencio: say --- espeak --- silencio
Feature Pass, 5 (score: 12)
Feature Pass, 5 (score: 12)
Feature Pass, 4 (score: 11)
Feature Pass, 4 (score: 12)
Feature Pass, 4 (score: 12)
Feature Pass, 4 (score: 16)
Feature Pass, 4 (score: 16)
Feature Fail, 10 (score: 64)
Feature Pass, 4 (score: 27)
Feature Pass, 4 (score: 0)
Feature Pass, 10 (score: 13)
Feature Pass, 10 (score: 17)
Feature Pass, 10 (score: 26)
Feature Fail, 10 (score: 31)
Feature Pass, 10 (score: 13)
Feature Pass, 3 (score: 23)
Feature Pass, 4 (score: 11)
Feature Pass, 10 (score: 18)
Feature Pass, 2 (score: 14)
Feature Fail, 5 (score: 42)
Feature Fail, 4 (score: 36)
Feature Pass, 2 (score: 27)
Feature Pass, 4 (score: 6)
Feature Fail, 1 (score: 31)
Feature Pass, 4 (score: 8)
Feature Fail, 10 (score: 61)
Feature Pass, 5 (score: 19)
Feature Fail, 5 (score: 32)
Feature Pass, 4 (score: 10)
Feature Pass, 10 (score: 12)
Feature Pass, 8 (score: 14)
==========================================
Spell found:  Locomotor  !!!!!!!
==========================================
locomotor: tplinkplug --- toggle --- 192.168.1.212
Feature Fail, 5 (score: 42)
Feature Pass, 4 (score: 15)
Feature Pass, 4 (score: 15)
Feature Pass, 4 (score: 17)
Feature Pass, 4 (score: 18)
Feature Pass, 4 (score: 17)
Feature Pass, 4 (score: 17)
Feature Pass, 1 (score: 7)
Feature Pass, 1 (score: 10)
Feature Fail, 3 (score: 40)
Feature Fail, 5 (score: 38)
Feature Fail, 10 (score: 44)
Feature Fail, 7 (score: 49)
Feature Fail, 7 (score: 39)
Feature Pass, 7 (score: 24)
Feature Pass, 7 (score: 14)
Feature Pass, 7 (score: 18)
Feature Pass, 7 (score: 25)
Feature Pass, 17 (score: 29)
==========================================
Spell found:  Ascendio  !!!!!!!
==========================================
ascendio: tplinkbulb --- +brightness --- 192.168.1.211
Feature Pass, 1 (score: 26)
Feature Fail, 14 (score: 45)
Feature Fail, 10 (score: 41)
Feature Fail, 2 (score: 49)
Feature Fail, 5 (score: 56)
Feature Fail, 13 (score: 52)
Feature Fail, 13 (score: 41)
Feature Fail, 13 (score: 33)
Feature Pass, 7 (score: 26)
Feature Pass, 7 (score: 13)
Feature Pass, 7 (score: 9)
Feature Pass, 7 (score: 9)
Feature Pass, 5 (score: 6)
==========================================
Spell found:  Alohomora  !!!!!!!
==========================================
alohomora: tplinkbulb --- toggle --- 192.168.1.211
Feature Pass, 2 (score: 15)
Feature Pass, 1 (score: 29)
Feature Pass, 1 (score: 29)
Feature Pass, 3 (score: 22)
Feature Pass, 14 (score: 17)
Feature Pass, 14 (score: 17)
Feature Pass, 8 (score: 6)
Feature Pass, 8 (score: 6)
Feature Pass, 1 (score: 28)
Feature Fail, 4 (score: 31)
Feature Fail, 4 (score: 34)
Feature Fail, 4 (score: 42)
Feature Fail, 4 (score: 42)
Feature Fail, 14 (score: 32)
Feature Pass, 10 (score: 12)
Feature Pass, 10 (score: 12)
Feature Pass, 10 (score: 12)
Feature Pass, 10 (score: 11)
Feature Pass, 10 (score: 12)
Feature Pass, 10 (score: 12)
Feature Pass, 10 (score: 14)
Feature Pass, 10 (score: 14)
Feature Pass, 10 (score: 14)
Feature Pass, 10 (score: 15)
Feature Pass, 10 (score: 16)
Feature Pass, 10 (score: 16)
Feature Pass, 10 (score: 16)
Feature Pass, 10 (score: 16)
Feature Pass, 3 (score: 25)
Feature Pass, 3 (score: 25)
Feature Pass, 3 (score: 25)
Feature Pass, 5 (score: 9)
Feature Pass, 4 (score: 3)
Feature Pass, 8 (score: 5)
Feature Pass, 2 (score: 29)
Feature Pass, 2 (score: 29)
Feature Pass, 10 (score: 5)
Feature Pass, 4 (score: 11)
Feature Fail, 3 (score: 30)
Feature Fail, 1 (score: 35)
Feature Fail, 14 (score: 35)
Feature Pass, 5 (score: 28)
Feature Fail, 4 (score: 45)
Feature Fail, 2 (score: 37)
Feature Fail, 5 (score: 40)
Feature Fail, 5 (score: 46)
Feature Fail, 5 (score: 52)
Feature Fail, 13 (score: 51)
Feature Fail, 7 (score: 41)
Feature Pass, 7 (score: 21)
Feature Pass, 7 (score: 15)
Feature Pass, 7 (score: 11)
Feature Pass, 7 (score: 9)
Feature Pass, 7 (score: 11)
Feature Pass, 7 (score: 11)
Feature Pass, 5 (score: 7)
==========================================
Spell found:  Alohomora  !!!!!!!
==========================================
alohomora: tplinkbulb --- toggle --- 192.168.1.211
Feature Pass, 5 (score: 5)
Feature Pass, 14 (score: 22)
Feature Pass, 14 (score: 22)
Feature Pass, 14 (score: 21)
Feature Pass, 14 (score: 22)
Feature Pass, 14 (score: 22)
Feature Pass, 14 (score: 22)
Feature Pass, 14 (score: 22)
Feature Pass, 14 (score: 24)
[-87.91646423   0.        ]
[ 7481.40739582  7481.40739582]
Setting up devices for control
Switch Found:  Bedroom Lamp
Setting Camera brightness to 30
Setting Camera framerate to 12
Setting Camera crop to .35,.25,.3,.5
Setting Camera hflip to True
Setting Camera resolution to 416,256
Setting Camera contrast to 50
Setting Detection featThresh to 30
Setting Detection dThresh to 3
Setting Detection aThresh to 65
Setting Detection tThresh to .6
Setting Detection intensityThresh to 50
Feature Pass, 3 (score: 22)
[-96.50562665   0.        ]
[ 181.95908141  181.95908141]
